[2026-04-27T17:04:08.102Z] [INFO] === News Fetch Started ===
[2026-04-27T17:04:08.104Z] [WARN] NewsAPI key not configured, skipping
[2026-04-27T17:04:08.104Z] [WARN] GNews key not configured, skipping
[2026-04-27T17:04:08.104Z] [WARN] NYTimes key not configured, skipping
[2026-04-27T17:04:08.105Z] [INFO] Found 0 new unique stories
[2026-04-27T17:04:08.105Z] [INFO] Total stories in state: 0
[2026-04-27T17:04:08.106Z] [INFO] === News Fetch Complete ===
[2026-04-27T18:04:10.691Z] [INFO] === News Fetch Started ===
[2026-04-27T18:04:10.696Z] [WARN] NewsAPI key not configured, skipping
[2026-04-27T18:04:10.697Z] [WARN] GNews key not configured, skipping
[2026-04-27T18:04:10.697Z] [WARN] NYTimes key not configured, skipping
[2026-04-27T18:04:10.697Z] [INFO] Found 0 new unique stories
[2026-04-27T18:04:10.698Z] [INFO] Total stories in state: 0
[2026-04-27T18:04:10.698Z] [INFO] === News Fetch Complete ===
[2026-04-27T19:04:11.757Z] [INFO] === News Fetch Started ===
[2026-04-27T19:04:11.975Z] [WARN] NewsAPI key not configured, skipping
[2026-04-27T19:04:12.212Z] [WARN] GNews key not configured, skipping
[2026-04-27T19:04:12.321Z] [WARN] NYTimes key not configured, skipping
[2026-04-27T19:04:12.332Z] [INFO] Found 0 new unique stories
[2026-04-27T19:04:12.344Z] [INFO] Total stories in state: 0
[2026-04-27T19:04:12.349Z] [INFO] === News Fetch Complete ===
[2026-04-27T20:04:09.844Z] [INFO] === News Fetch Started ===
[2026-04-27T20:04:09.883Z] [WARN] NewsAPI key not configured, skipping
[2026-04-27T20:04:09.884Z] [WARN] GNews key not configured, skipping
[2026-04-27T20:04:09.884Z] [WARN] NYTimes key not configured, skipping
[2026-04-27T20:04:09.884Z] [INFO] Found 0 new unique stories
[2026-04-27T20:04:09.885Z] [INFO] Total stories in state: 0
[2026-04-27T20:04:09.885Z] [INFO] === News Fetch Complete ===
[2026-04-27T21:04:50.455Z] [INFO] === News Fetch Started ===
[2026-04-27T21:04:50.460Z] [WARN] NewsAPI key not configured, skipping
[2026-04-27T21:04:50.460Z] [WARN] GNews key not configured, skipping
[2026-04-27T21:04:50.461Z] [WARN] NYTimes key not configured, skipping
[2026-04-27T21:04:50.461Z] [INFO] Found 0 new unique stories
[2026-04-27T21:04:50.461Z] [INFO] Total stories in state: 0
[2026-04-27T21:04:50.461Z] [INFO] === News Fetch Complete ===
[2026-04-27T22:05:05.172Z] [INFO] === News Fetch Started ===
[2026-04-27T22:05:05.178Z] [WARN] NewsAPI key not configured, skipping
[2026-04-27T22:05:05.178Z] [WARN] GNews key not configured, skipping
[2026-04-27T22:05:05.214Z] [WARN] NYTimes key not configured, skipping
[2026-04-27T22:05:05.214Z] [INFO] Found 0 new unique stories
[2026-04-27T22:05:05.215Z] [INFO] Total stories in state: 0
[2026-04-27T22:05:05.215Z] [INFO] === News Fetch Complete ===
[2026-04-27T23:06:06.178Z] [INFO] === News Fetch Started ===
[2026-04-27T23:06:06.184Z] [WARN] NewsAPI key not configured, skipping
[2026-04-27T23:06:06.184Z] [WARN] GNews key not configured, skipping
[2026-04-27T23:06:06.184Z] [WARN] NYTimes key not configured, skipping
[2026-04-27T23:06:06.184Z] [INFO] Found 0 new unique stories
[2026-04-27T23:06:06.185Z] [INFO] Total stories in state: 0
[2026-04-27T23:06:06.185Z] [INFO] === News Fetch Complete ===
[2026-04-28T01:08:30.708Z] [INFO] === News Fetch Started ===
[2026-04-28T01:08:30.723Z] [WARN] NewsAPI key not configured, skipping
[2026-04-28T01:08:30.723Z] [WARN] GNews key not configured, skipping
[2026-04-28T01:08:30.723Z] [WARN] NYTimes key not configured, skipping
[2026-04-28T01:08:30.724Z] [INFO] Found 0 new unique stories
[2026-04-28T01:08:30.724Z] [INFO] Total stories in state: 0
[2026-04-28T01:08:30.725Z] [INFO] === News Fetch Complete ===
[2026-04-28T02:09:24.396Z] [INFO] === News Fetch Started ===
[2026-04-28T02:09:24.415Z] [WARN] NewsAPI key not configured, skipping
[2026-04-28T02:09:24.415Z] [WARN] GNews key not configured, skipping
[2026-04-28T02:09:24.416Z] [WARN] NYTimes key not configured, skipping
[2026-04-28T02:09:24.416Z] [INFO] Found 0 new unique stories
[2026-04-28T02:09:24.416Z] [INFO] Total stories in state: 0
[2026-04-28T02:09:24.416Z] [INFO] === News Fetch Complete ===
